<?xml version="1.0" encoding="UTF-8"?>
<!-- Generated by org.testng.reporters.JUnitReportReporter -->
<testsuite skipped="0" hostname="DESKTOP-KFK5AMQ" name="com.nopcommerce.user.MyAccount_01_Customer_Info" tests="4" failures="0" timestamp="22 Apr 2023 13:57:38 GMT" time="5.229" errors="0">
  <testcase name="Customer_03_Update_Info_With_Invalid_Email" time="1.164" classname="com.nopcommerce.user.MyAccount_01_Customer_Info"/>
  <testcase name="Customer_02_Update_Info_With_Empty_Data" time="0.828" classname="com.nopcommerce.user.MyAccount_01_Customer_Info"/>
  <testcase name="Customer_04_Update_Info_With_Valid_Data" time="3.008" classname="com.nopcommerce.user.MyAccount_01_Customer_Info"/>
  <testcase name="Customer_01_Verify_CustomerInfo_With_Register" time="0.229" classname="com.nopcommerce.user.MyAccount_01_Customer_Info"/>
</testsuite> <!-- com.nopcommerce.user.MyAccount_01_Customer_Info -->
