<?xml version="1.0" encoding="UTF-8"?>
<!-- Generated by org.testng.reporters.JUnitReportReporter -->
<testsuite skipped="0" hostname="DESKTOP-KFK5AMQ" name="com.nopcommerce.user.MyAccount_02_Add_Address" tests="4" failures="0" timestamp="23 Apr 2023 15:15:42 GMT" time="6.454" errors="0">
  <testcase name="Address_02_Submit_Address_With_Data" time="2.760" classname="com.nopcommerce.user.MyAccount_02_Add_Address"/>
  <testcase name="Address_03_Edit_Update_Address_With_New_Data" time="1.750" classname="com.nopcommerce.user.MyAccount_02_Add_Address"/>
  <testcase name="Address_01_Submit_Address_With_Empty_Data" time="1.173" classname="com.nopcommerce.user.MyAccount_02_Add_Address"/>
  <testcase name="Address_04_Delete_Address" time="0.771" classname="com.nopcommerce.user.MyAccount_02_Add_Address"/>
</testsuite> <!-- com.nopcommerce.user.MyAccount_02_Add_Address -->
