<?xml version="1.0" encoding="UTF-8"?>
<!-- Generated by org.testng.reporters.JUnitReportReporter -->
<testsuite skipped="0" hostname="DESKTOP-KFK5AMQ" name="com.nopcommerce.user.MyAccount_03_Change_Password" tests="6" failures="0" timestamp="24 Apr 2023 14:36:22 GMT" time="9.628" errors="0">
  <testcase name="Change_Password_03_Using_Old_Password" time="1.338" classname="com.nopcommerce.user.MyAccount_03_Change_Password"/>
  <testcase name="Change_Password_01_Submit_With_Empty_Data" time="0.361" classname="com.nopcommerce.user.MyAccount_03_Change_Password"/>
  <testcase name="Change_Password_04_Invalid_New_Password" time="0.815" classname="com.nopcommerce.user.MyAccount_03_Change_Password"/>
  <testcase name="Change_Password_05_Mismatch_New_Password" time="1.019" classname="com.nopcommerce.user.MyAccount_03_Change_Password"/>
  <testcase name="Change_Password_02_Incorrect_Old_Password" time="1.401" classname="com.nopcommerce.user.MyAccount_03_Change_Password"/>
  <testcase name="Change_Password_06_Submit_With_Valid_Data" time="4.694" classname="com.nopcommerce.user.MyAccount_03_Change_Password"/>
</testsuite> <!-- com.nopcommerce.user.MyAccount_03_Change_Password -->
