<?xml version="1.0" encoding="UTF-8"?>
<!-- Generated by org.testng.reporters.JUnitReportReporter -->
<testsuite skipped="0" hostname="DESKTOP-KFK5AMQ" name="com.nopcommerce.common.Common_01_Register" tests="1" failures="0" timestamp="25 Apr 2023 13:51:16 GMT" time="2.740" errors="0">
  <testcase name="Register_03_With_Valid_Data" time="2.740" classname="com.nopcommerce.common.Common_01_Register"/>
</testsuite> <!-- com.nopcommerce.common.Common_01_Register -->
