<?xml version="1.0" encoding="UTF-8"?>
<!-- Generated by org.testng.reporters.JUnitReportReporter -->
<testsuite skipped="0" hostname="DESKTOP-KFK5AMQ" name="com.nopcommerce.user.MyAccount_04_My_Product_Preview" tests="2" failures="0" timestamp="04 May 2023 14:58:36 GMT" time="11.535" errors="0">
  <testcase name="MyReview_02_Verify_Review_Display_In_My_Product_Review" time="2.439" classname="com.nopcommerce.user.MyAccount_04_My_Product_Preview"/>
  <testcase name="MyReview_01_Add_Review" time="9.096" classname="com.nopcommerce.user.MyAccount_04_My_Product_Preview"/>
</testsuite> <!-- com.nopcommerce.user.MyAccount_04_My_Product_Preview -->
