<?xml version="1.0" encoding="UTF-8"?>
<!-- Generated by org.testng.reporters.JUnitReportReporter -->
<testsuite skipped="0" hostname="DESKTOP-KFK5AMQ" name="com.nopcommerce.user.MyAccount_04_My_Product_Preview" tests="2" failures="0" timestamp="27 Apr 2023 06:30:24 GMT" time="5.233" errors="0">
  <testcase name="MyReview_01_Add_Review" time="4.352" classname="com.nopcommerce.user.MyAccount_04_My_Product_Preview"/>
  <testcase name="MyReview_02_Verify_Review_Display_In_My_Product_Review" time="0.881" classname="com.nopcommerce.user.MyAccount_04_My_Product_Preview"/>
</testsuite> <!-- com.nopcommerce.user.MyAccount_04_My_Product_Preview -->
