<?xml version="1.0" encoding="UTF-8"?>
<!-- Generated by org.testng.reporters.JUnitReportReporter -->
<testsuite skipped="0" hostname="DESKTOP-KFK5AMQ" name="com.nopcommerce.user.TC01_Register_Login" tests="1" failures="0" timestamp="18 Apr 2023 15:42:13 GMT" time="2.020" errors="0">
  <testcase name="TC01_Sort" time="2.020" classname="com.nopcommerce.user.TC01_Register_Login"/>
</testsuite> <!-- com.nopcommerce.user.TC01_Register_Login -->
