<?xml version="1.0" encoding="UTF-8"?>
<!-- Generated by org.testng.reporters.JUnitReportReporter -->
<testsuite skipped="0" hostname="DESKTOP-KFK5AMQ" name="com.nopcommerce.common.Common_02_Login" tests="1" failures="0" timestamp="22 Apr 2023 03:35:25 GMT" time="1.596" errors="0">
  <testcase name="TC06_Login_With_Valid_Data" time="1.596" classname="com.nopcommerce.common.Common_02_Login"/>
</testsuite> <!-- com.nopcommerce.common.Common_02_Login -->
